mode: atomic
github.com/prometheus/alertmanager/notify/sns/sns.go:50.126,52.16 2 7
github.com/prometheus/alertmanager/notify/sns/sns.go:52.16,54.3 1 0
github.com/prometheus/alertmanager/notify/sns/sns.go:55.2,61.8 1 7
github.com/prometheus/alertmanager/notify/sns/sns.go:64.85,72.16 3 7
github.com/prometheus/alertmanager/notify/sns/sns.go:72.16,74.25 2 0
github.com/prometheus/alertmanager/notify/sns/sns.go:74.25,76.4 1 0
github.com/prometheus/alertmanager/notify/sns/sns.go:77.3,77.19 1 0
github.com/prometheus/alertmanager/notify/sns/sns.go:80.2,81.16 2 7
github.com/prometheus/alertmanager/notify/sns/sns.go:81.16,83.3 1 0
github.com/prometheus/alertmanager/notify/sns/sns.go:85.2,86.16 2 7
github.com/prometheus/alertmanager/notify/sns/sns.go:86.16,88.25 2 7
github.com/prometheus/alertmanager/notify/sns/sns.go:88.25,93.4 3 0
github.com/prometheus/alertmanager/notify/sns/sns.go:94.3,94.19 1 7
github.com/prometheus/alertmanager/notify/sns/sns.go:97.2,99.19 2 0
github.com/prometheus/alertmanager/notify/sns/sns.go:102.80,105.66 2 7
github.com/prometheus/alertmanager/notify/sns/sns.go:105.66,107.3 1 0
github.com/prometheus/alertmanager/notify/sns/sns.go:108.2,115.16 2 7
github.com/prometheus/alertmanager/notify/sns/sns.go:115.16,117.3 1 0
github.com/prometheus/alertmanager/notify/sns/sns.go:119.2,119.32 1 7
github.com/prometheus/alertmanager/notify/sns/sns.go:119.32,121.26 2 0
github.com/prometheus/alertmanager/notify/sns/sns.go:121.26,123.4 1 0
github.com/prometheus/alertmanager/notify/sns/sns.go:123.9,132.18 2 0
github.com/prometheus/alertmanager/notify/sns/sns.go:132.18,134.5 1 0
github.com/prometheus/alertmanager/notify/sns/sns.go:136.3,136.65 1 0
github.com/prometheus/alertmanager/notify/sns/sns.go:139.2,141.47 2 7
github.com/prometheus/alertmanager/notify/sns/sns.go:141.47,143.3 1 0
github.com/prometheus/alertmanager/notify/sns/sns.go:144.2,144.20 1 7
github.com/prometheus/alertmanager/notify/sns/sns.go:147.113,152.27 4 7
github.com/prometheus/alertmanager/notify/sns/sns.go:152.27,156.43 3 7
github.com/prometheus/alertmanager/notify/sns/sns.go:156.43,159.18 2 0
github.com/prometheus/alertmanager/notify/sns/sns.go:159.18,161.5 1 0
github.com/prometheus/alertmanager/notify/sns/sns.go:162.4,163.46 2 0
github.com/prometheus/alertmanager/notify/sns/sns.go:166.2,166.30 1 7
github.com/prometheus/alertmanager/notify/sns/sns.go:166.30,170.3 2 1
github.com/prometheus/alertmanager/notify/sns/sns.go:171.2,171.28 1 7
github.com/prometheus/alertmanager/notify/sns/sns.go:171.28,173.3 1 1
github.com/prometheus/alertmanager/notify/sns/sns.go:175.2,176.16 2 7
github.com/prometheus/alertmanager/notify/sns/sns.go:176.16,178.3 1 0
github.com/prometheus/alertmanager/notify/sns/sns.go:179.2,179.13 1 7
github.com/prometheus/alertmanager/notify/sns/sns.go:179.13,182.3 1 0
github.com/prometheus/alertmanager/notify/sns/sns.go:184.2,187.26 3 7
github.com/prometheus/alertmanager/notify/sns/sns.go:187.26,189.3 1 1
github.com/prometheus/alertmanager/notify/sns/sns.go:191.2,191.26 1 7
github.com/prometheus/alertmanager/notify/sns/sns.go:194.98,195.32 1 10
github.com/prometheus/alertmanager/notify/sns/sns.go:195.32,197.3 1 1
github.com/prometheus/alertmanager/notify/sns/sns.go:198.2,198.43 1 9
github.com/prometheus/alertmanager/notify/sns/sns.go:198.43,200.3 1 8
github.com/prometheus/alertmanager/notify/sns/sns.go:202.2,204.37 3 1
github.com/prometheus/alertmanager/notify/sns/sns.go:207.108,210.38 2 7
github.com/prometheus/alertmanager/notify/sns/sns.go:210.38,212.3 1 1
github.com/prometheus/alertmanager/notify/sns/sns.go:213.2,213.19 1 7
